<?xml version="1.0" encoding="UTF-8"?>
<!-- Generated by org.testng.reporters.JUnitReportReporter -->
<testsuite hostname="BWED-PSPEC" failures="0" tests="8" name="basicweb.SeleniumFeaturesTest" time="17.260" errors="0" timestamp="2024-05-16T15:17:37 MDT" skipped="0">
  <testcase classname="basicweb.SeleniumFeaturesTest" name="FindAllInputs" time="0.173"/>
  <testcase classname="basicweb.SeleniumFeaturesTest" name="getCssProp" time="2.048"/>
  <testcase classname="basicweb.SeleniumFeaturesTest" name="EnterSearchText" time="6.119"/>
  <testcase classname="basicweb.SeleniumFeaturesTest" name="MouseHover" time="4.390"/>
  <testcase classname="basicweb.SeleniumFeaturesTest" name="VerifyTitle" time="0.020"/>
  <testcase classname="basicweb.SeleniumFeaturesTest" name="ScrollBrowser" time="2.032"/>
  <testcase classname="basicweb.SeleniumFeaturesTest" name="SelectDropDown" time="2.443"/>
  <testcase classname="basicweb.SeleniumFeaturesTest" name="SizingTest" time="0.035"/>
</testsuite> <!-- basicweb.SeleniumFeaturesTest -->
